Build started 2/24/2015 8:50:13 PM.
     1>Project "C:\Users\ntfox.ANDREW\Desktop\DynamicOptimization\walk05\walk\animate.vcxproj" on node 2 (build target(s)).
     1>InitializeBuildStatus:
         Creating "obj/DebugDLL\animate.unsuccessfulbuild" because "AlwaysCreate" was specified.
       ClCompile:
         c:\Program Files (x86)\Microsoft Visual Studio 10.0\VC\bin\CL.exe /c /I"../useful/drawstuff-windows" /ZI /nologo /W3 /WX- /Od /Oy- /D _CRT_SECURE_NO_DEPRECATE /D WIN32 /D _MBCS /Gm /EHsc /RTC1 /MDd /GS /Gy /fp:precise /Zc:wchar_t /Zc:forScope /Fo"obj/DebugDLL\\" /Fd"obj/DebugDLL\vc100.pdb" /Gd /TC /analyze- /errorReport:prompt animate.c ..\useful\mrdplot\mrdplot.c parameters.c
         parameters.c
     1>c:\users\ntfox.andrew\desktop\dynamicoptimization\walk05\walk\parameters.c(307): warning C4996: 'strdup': The POSIX name for this item is deprecated. Instead, use the ISO C++ conformant name: _strdup. See online help for details.
                 c:\program files (x86)\microsoft visual studio 10.0\vc\include\string.h(238) : see declaration of 'strdup'
     1>c:\users\ntfox.andrew\desktop\dynamicoptimization\walk05\walk\parameters.c(457): warning C4244: '=' : conversion from 'double' to 'float', possible loss of data
         mrdplot.c
     1>c:\users\ntfox.andrew\desktop\dynamicoptimization\walk05\useful\mrdplot\mrdplot.c(109): warning C4996: 'strdup': The POSIX name for this item is deprecated. Instead, use the ISO C++ conformant name: _strdup. See online help for details.
                 c:\program files (x86)\microsoft visual studio 10.0\vc\include\string.h(238) : see declaration of 'strdup'
     1>c:\users\ntfox.andrew\desktop\dynamicoptimization\walk05\useful\mrdplot\mrdplot.c(110): warning C4996: 'strdup': The POSIX name for this item is deprecated. Instead, use the ISO C++ conformant name: _strdup. See online help for details.
                 c:\program files (x86)\microsoft visual studio 10.0\vc\include\string.h(238) : see declaration of 'strdup'
     1>c:\users\ntfox.andrew\desktop\dynamicoptimization\walk05\useful\mrdplot\mrdplot.c(253): warning C4996: 'strdup': The POSIX name for this item is deprecated. Instead, use the ISO C++ conformant name: _strdup. See online help for details.
                 c:\program files (x86)\microsoft visual studio 10.0\vc\include\string.h(238) : see declaration of 'strdup'
     1>c:\users\ntfox.andrew\desktop\dynamicoptimization\walk05\useful\mrdplot\mrdplot.c(265): warning C4996: 'strdup': The POSIX name for this item is deprecated. Instead, use the ISO C++ conformant name: _strdup. See online help for details.
                 c:\program files (x86)\microsoft visual studio 10.0\vc\include\string.h(238) : see declaration of 'strdup'
     1>c:\users\ntfox.andrew\desktop\dynamicoptimization\walk05\useful\mrdplot\mrdplot.c(270): warning C4996: 'strdup': The POSIX name for this item is deprecated. Instead, use the ISO C++ conformant name: _strdup. See online help for details.
                 c:\program files (x86)\microsoft visual studio 10.0\vc\include\string.h(238) : see declaration of 'strdup'
         animate.c
     1>c:\users\ntfox.andrew\desktop\dynamicoptimization\walk05\walk\animate.c(226): warning C4996: 'strdup': The POSIX name for this item is deprecated. Instead, use the ISO C++ conformant name: _strdup. See online help for details.
                 c:\program files (x86)\microsoft visual studio 10.0\vc\include\string.h(238) : see declaration of 'strdup'
         Generating Code...
       ManifestResourceCompile:
         All outputs are up-to-date.
       Link:
         c:\Program Files (x86)\Microsoft Visual Studio 10.0\VC\bin\link.exe /ERRORREPORT:PROMPT /OUT:".\animate.exe" /INCREMENTAL /NOLOGO /LIBPATH:../lib/DebugDLL ../lib/DebugDLL/drawstuff.lib user32.lib winmm.lib gdi32.lib opengl32.lib glu32.lib kernel32.lib user32.lib gdi32.lib winspool.lib comdlg32.lib advapi32.lib shell32.lib ole32.lib oleaut32.lib uuid.lib odbc32.lib odbccp32.lib /MANIFEST /ManifestFile:"obj/DebugDLL\animate.exe.intermediate.manifest" /MANIFESTUAC:"level='asInvoker' uiAccess='false'" /DEBUG /PDB:".\animate.pdb" /SUBSYSTEM:CONSOLE /TLBID:1 /ENTRY:"mainCRTStartup" /DYNAMICBASE:NO /IMPLIB:".\animate.lib" /MACHINE:X86 obj/DebugDLL\animate.exe.embed.manifest.res
         obj/DebugDLL\animate.obj
         obj/DebugDLL\mrdplot.obj
         obj/DebugDLL\parameters.obj
         LINK : .\animate.exe not found or not built by the last incremental link; performing full link
       Manifest:
         c:\Program Files (x86)\Microsoft SDKs\Windows\v7.0A\bin\mt.exe /nologo /verbose /out:"obj/DebugDLL\animate.exe.embed.manifest" /manifest obj/DebugDLL\animate.exe.intermediate.manifest
         All outputs are up-to-date.
       LinkEmbedManifest:
         All outputs are up-to-date.
         animate.vcxproj -> C:\Users\ntfox.ANDREW\Desktop\DynamicOptimization\walk05\walk\.\animate.exe
       FinalizeBuildStatus:
         Deleting file "obj/DebugDLL\animate.unsuccessfulbuild".
         Touching "obj/DebugDLL\animate.lastbuildstate".
     1>Done Building Project "C:\Users\ntfox.ANDREW\Desktop\DynamicOptimization\walk05\walk\animate.vcxproj" (build target(s)).

Build succeeded.

Time Elapsed 00:00:00.43
