.\animate.ilk
.\animate.pdb
C:\DynamicOptimization\walk05\walk\.\animate.exe
C:\DYNAMICOPTIMIZATION\WALK05\WALK\ANIMATE.EXE
C:\DYNAMICOPTIMIZATION\WALK05\WALK\ANIMATE.ILK
C:\DYNAMICOPTIMIZATION\WALK05\WALK\ANIMATE.PDB
C:\DynamicOptimization\walk05\walk\obj\DebugDLL\animate.exe.embed.manifest
C:\DYNAMICOPTIMIZATION\WALK05\WALK\OBJ\DEBUGDLL\ANIMATE.EXE.EMBED.MANIFEST.RES
C:\DYNAMICOPTIMIZATION\WALK05\WALK\OBJ\DEBUGDLL\ANIMATE.EXE.INTERMEDIATE.MANIFEST
C:\DYNAMICOPTIMIZATION\WALK05\WALK\OBJ\DEBUGDLL\ANIMATE.OBJ
C:\DynamicOptimization\walk05\walk\obj\DebugDLL\animate.vcxprojResolveAssemblyReference.cache
C:\DynamicOptimization\walk05\walk\obj\DebugDLL\animate.write.1.tlog
C:\DynamicOptimization\walk05\walk\obj\DebugDLL\animate_manifest.rc
C:\DYNAMICOPTIMIZATION\WALK05\WALK\OBJ\DEBUGDLL\B1G_DYN.OBJ
C:\DYNAMICOPTIMIZATION\WALK05\WALK\OBJ\DEBUGDLL\B1G_SAR.OBJ
C:\DYNAMICOPTIMIZATION\WALK05\WALK\OBJ\DEBUGDLL\B1GLIB.OBJ
C:\DynamicOptimization\walk05\walk\obj\DebugDLL\cl.command.1.tlog
C:\DynamicOptimization\walk05\walk\obj\DebugDLL\CL.read.1.tlog
C:\DynamicOptimization\walk05\walk\obj\DebugDLL\CL.write.1.tlog
C:\DYNAMICOPTIMIZATION\WALK05\WALK\OBJ\DEBUGDLL\CONTROLLER.OBJ
C:\DYNAMICOPTIMIZATION\WALK05\WALK\OBJ\DEBUGDLL\DATA.OBJ
C:\DYNAMICOPTIMIZATION\WALK05\WALK\OBJ\DEBUGDLL\DYNAMICS.OBJ
C:\DynamicOptimization\walk05\walk\obj\DebugDLL\link.6956.read.1.tlog
C:\DynamicOptimization\walk05\walk\obj\DebugDLL\link.6956.write.1.tlog
C:\DynamicOptimization\walk05\walk\obj\DebugDLL\link.6956-cvtres.read.1.tlog
C:\DynamicOptimization\walk05\walk\obj\DebugDLL\link.6956-cvtres.write.1.tlog
C:\DynamicOptimization\walk05\walk\obj\DebugDLL\link.7392.read.1.tlog
C:\DynamicOptimization\walk05\walk\obj\DebugDLL\link.7392.write.1.tlog
C:\DynamicOptimization\walk05\walk\obj\DebugDLL\link.7392-cvtres.read.1.tlog
C:\DynamicOptimization\walk05\walk\obj\DebugDLL\link.7392-cvtres.write.1.tlog
C:\DynamicOptimization\walk05\walk\obj\DebugDLL\link.command.1.tlog
C:\DynamicOptimization\walk05\walk\obj\DebugDLL\link.read.1.tlog
C:\DynamicOptimization\walk05\walk\obj\DebugDLL\link.write.1.tlog
C:\DynamicOptimization\walk05\walk\obj\DebugDLL\link-cvtres.read.1.tlog
C:\DynamicOptimization\walk05\walk\obj\DebugDLL\link-cvtres.write.1.tlog
C:\DYNAMICOPTIMIZATION\WALK05\WALK\OBJ\DEBUGDLL\MRDPLOT.OBJ
C:\DynamicOptimization\walk05\walk\obj\DebugDLL\mt.command.1.tlog
C:\DynamicOptimization\walk05\walk\obj\DebugDLL\mt.read.1.tlog
C:\DynamicOptimization\walk05\walk\obj\DebugDLL\mt.write.1.tlog
C:\DYNAMICOPTIMIZATION\WALK05\WALK\OBJ\DEBUGDLL\PARAMETERS.OBJ
C:\DynamicOptimization\walk05\walk\obj\DebugDLL\rc.command.1.tlog
C:\DynamicOptimization\walk05\walk\obj\DebugDLL\rc.read.1.tlog
C:\DynamicOptimization\walk05\walk\obj\DebugDLL\rc.write.1.tlog
C:\DynamicOptimization\walk05\walk\obj\DebugDLL\simulate.exe.embed.manifest
C:\DYNAMICOPTIMIZATION\WALK05\WALK\OBJ\DEBUGDLL\SIMULATE.EXE.EMBED.MANIFEST.RES
C:\DYNAMICOPTIMIZATION\WALK05\WALK\OBJ\DEBUGDLL\SIMULATE.EXE.INTERMEDIATE.MANIFEST
C:\DYNAMICOPTIMIZATION\WALK05\WALK\OBJ\DEBUGDLL\SIMULATE.OBJ
C:\DynamicOptimization\walk05\walk\obj\DebugDLL\simulate.vcxprojResolveAssemblyReference.cache
C:\DynamicOptimization\walk05\walk\obj\DebugDLL\simulate.write.1.tlog
C:\DynamicOptimization\walk05\walk\obj\DebugDLL\simulate_manifest.rc
C:\DYNAMICOPTIMIZATION\WALK05\WALK\OBJ\DEBUGDLL\SIMULATE_NOFILE.OBJ
C:\DYNAMICOPTIMIZATION\WALK05\WALK\OBJ\DEBUGDLL\TRAJECTORY.OBJ
C:\DynamicOptimization\walk05\walk\obj\DebugDLL\vc100.idb
C:\DYNAMICOPTIMIZATION\WALK05\WALK\OBJ\DEBUGDLL\VC100.PDB
C:\DYNAMICOPTIMIZATION\WALK05\WALK\SIMULATE.EXE
C:\DYNAMICOPTIMIZATION\WALK05\WALK\SIMULATE.ILK
C:\DYNAMICOPTIMIZATION\WALK05\WALK\SIMULATE.PDB
C:\USERS\NTFOX.ANDREW\DESKTOP\DYNAMICOPTIMIZATION\WALK05\WALK\ANIMATE.EXE
C:\USERS\NTFOX.ANDREW\DESKTOP\DYNAMICOPTIMIZATION\WALK05\WALK\ANIMATE.ILK
C:\USERS\NTFOX.ANDREW\DESKTOP\DYNAMICOPTIMIZATION\WALK05\WALK\ANIMATE.PDB
C:\USERS\NTFOX.ANDREW\DESKTOP\DYNAMICOPTIMIZATION\WALK05\WALK\OBJ\DEBUGDLL\ANIMATE.EXE.EMBED.MANIFEST
C:\USERS\NTFOX.ANDREW\DESKTOP\DYNAMICOPTIMIZATION\WALK05\WALK\OBJ\DEBUGDLL\ANIMATE.EXE.EMBED.MANIFEST.RES
C:\USERS\NTFOX.ANDREW\DESKTOP\DYNAMICOPTIMIZATION\WALK05\WALK\OBJ\DEBUGDLL\ANIMATE.EXE.INTERMEDIATE.MANIFEST
C:\USERS\NTFOX.ANDREW\DESKTOP\DYNAMICOPTIMIZATION\WALK05\WALK\OBJ\DEBUGDLL\ANIMATE.OBJ
C:\USERS\NTFOX.ANDREW\DESKTOP\DYNAMICOPTIMIZATION\WALK05\WALK\OBJ\DEBUGDLL\B1G_DYN.OBJ
C:\USERS\NTFOX.ANDREW\DESKTOP\DYNAMICOPTIMIZATION\WALK05\WALK\OBJ\DEBUGDLL\B1G_SAR.OBJ
C:\USERS\NTFOX.ANDREW\DESKTOP\DYNAMICOPTIMIZATION\WALK05\WALK\OBJ\DEBUGDLL\B1GLIB.OBJ
C:\USERS\NTFOX.ANDREW\DESKTOP\DYNAMICOPTIMIZATION\WALK05\WALK\OBJ\DEBUGDLL\CONTROLLER.OBJ
C:\USERS\NTFOX.ANDREW\DESKTOP\DYNAMICOPTIMIZATION\WALK05\WALK\OBJ\DEBUGDLL\DATA.OBJ
C:\USERS\NTFOX.ANDREW\DESKTOP\DYNAMICOPTIMIZATION\WALK05\WALK\OBJ\DEBUGDLL\DYNAMICS.OBJ
C:\USERS\NTFOX.ANDREW\DESKTOP\DYNAMICOPTIMIZATION\WALK05\WALK\OBJ\DEBUGDLL\MRDPLOT.OBJ
C:\USERS\NTFOX.ANDREW\DESKTOP\DYNAMICOPTIMIZATION\WALK05\WALK\OBJ\DEBUGDLL\PARAMETERS.OBJ
C:\USERS\NTFOX.ANDREW\DESKTOP\DYNAMICOPTIMIZATION\WALK05\WALK\OBJ\DEBUGDLL\SIMULATE.EXE.EMBED.MANIFEST
C:\USERS\NTFOX.ANDREW\DESKTOP\DYNAMICOPTIMIZATION\WALK05\WALK\OBJ\DEBUGDLL\SIMULATE.EXE.EMBED.MANIFEST.RES
C:\USERS\NTFOX.ANDREW\DESKTOP\DYNAMICOPTIMIZATION\WALK05\WALK\OBJ\DEBUGDLL\SIMULATE.EXE.INTERMEDIATE.MANIFEST
C:\USERS\NTFOX.ANDREW\DESKTOP\DYNAMICOPTIMIZATION\WALK05\WALK\OBJ\DEBUGDLL\SIMULATE.OBJ
C:\USERS\NTFOX.ANDREW\DESKTOP\DYNAMICOPTIMIZATION\WALK05\WALK\OBJ\DEBUGDLL\TRAJECTORY.OBJ
C:\USERS\NTFOX.ANDREW\DESKTOP\DYNAMICOPTIMIZATION\WALK05\WALK\OBJ\DEBUGDLL\VC100.PDB
C:\USERS\NTFOX.ANDREW\DESKTOP\DYNAMICOPTIMIZATION\WALK05\WALK\SIMULATE.EXE
C:\USERS\NTFOX.ANDREW\DESKTOP\DYNAMICOPTIMIZATION\WALK05\WALK\SIMULATE.ILK
C:\USERS\NTFOX.ANDREW\DESKTOP\DYNAMICOPTIMIZATION\WALK05\WALK\SIMULATE.PDB
