Build started 3/7/2015 11:09:01 PM.
     1>Project "C:\DynamicOptimization\walk05\walk\simulate.vcxproj" on node 2 (build target(s)).
     1>InitializeBuildStatus:
         Creating "obj/DebugDLL\simulate.unsuccessfulbuild" because "AlwaysCreate" was specified.
       ClCompile:
         c:\Program Files (x86)\Microsoft Visual Studio 10.0\VC\bin\CL.exe /c /ZI /nologo /W3 /WX- /Od /Oy- /D _CRT_SECURE_NO_DEPRECATE /D WIN32 /D _MBCS /Gm /EHsc /RTC1 /MDd /GS /Gy /fp:precise /Zc:wchar_t /Zc:forScope /Fo"obj/DebugDLL\\" /Fd"obj/DebugDLL\vc100.pdb" /Gd /TC /analyze- /errorReport:prompt data.c
         data.c
     1>c:\dynamicoptimization\walk05\walk\data.c(313): warning C4244: '=' : conversion from 'double' to 'float', possible loss of data
     1>c:\dynamicoptimization\walk05\walk\data.c(314): warning C4244: '=' : conversion from 'double' to 'float', possible loss of data
     1>c:\dynamicoptimization\walk05\walk\data.c(315): warning C4244: '=' : conversion from 'double' to 'float', possible loss of data
     1>c:\dynamicoptimization\walk05\walk\data.c(317): warning C4244: '=' : conversion from 'double' to 'float', possible loss of data
     1>c:\dynamicoptimization\walk05\walk\data.c(318): warning C4244: '=' : conversion from 'double' to 'float', possible loss of data
     1>c:\dynamicoptimization\walk05\walk\data.c(319): warning C4244: '=' : conversion from 'double' to 'float', possible loss of data
     1>c:\dynamicoptimization\walk05\walk\data.c(321): warning C4244: '=' : conversion from 'double' to 'float', possible loss of data
     1>c:\dynamicoptimization\walk05\walk\data.c(322): warning C4244: '=' : conversion from 'double' to 'float', possible loss of data
     1>c:\dynamicoptimization\walk05\walk\data.c(323): warning C4244: '=' : conversion from 'double' to 'float', possible loss of data
     1>c:\dynamicoptimization\walk05\walk\data.c(325): warning C4244: '=' : conversion from 'double' to 'float', possible loss of data
     1>c:\dynamicoptimization\walk05\walk\data.c(326): warning C4244: '=' : conversion from 'double' to 'float', possible loss of data
     1>c:\dynamicoptimization\walk05\walk\data.c(327): warning C4244: '=' : conversion from 'double' to 'float', possible loss of data
     1>c:\dynamicoptimization\walk05\walk\data.c(329): warning C4244: '=' : conversion from 'double' to 'float', possible loss of data
     1>c:\dynamicoptimization\walk05\walk\data.c(330): warning C4244: '=' : conversion from 'double' to 'float', possible loss of data
     1>c:\dynamicoptimization\walk05\walk\data.c(331): warning C4244: '=' : conversion from 'double' to 'float', possible loss of data
     1>c:\dynamicoptimization\walk05\walk\data.c(333): warning C4244: '=' : conversion from 'double' to 'float', possible loss of data
     1>c:\dynamicoptimization\walk05\walk\data.c(334): warning C4244: '=' : conversion from 'double' to 'float', possible loss of data
     1>c:\dynamicoptimization\walk05\walk\data.c(335): warning C4244: '=' : conversion from 'double' to 'float', possible loss of data
     1>c:\dynamicoptimization\walk05\walk\data.c(337): warning C4244: '=' : conversion from 'double' to 'float', possible loss of data
     1>c:\dynamicoptimization\walk05\walk\data.c(338): warning C4244: '=' : conversion from 'double' to 'float', possible loss of data
     1>c:\dynamicoptimization\walk05\walk\data.c(339): warning C4244: '=' : conversion from 'double' to 'float', possible loss of data
     1>c:\dynamicoptimization\walk05\walk\data.c(341): warning C4244: '=' : conversion from 'double' to 'float', possible loss of data
     1>c:\dynamicoptimization\walk05\walk\data.c(342): warning C4244: '=' : conversion from 'double' to 'float', possible loss of data
     1>c:\dynamicoptimization\walk05\walk\data.c(343): warning C4244: '=' : conversion from 'double' to 'float', possible loss of data
     1>c:\dynamicoptimization\walk05\walk\data.c(345): warning C4244: '=' : conversion from 'double' to 'float', possible loss of data
     1>c:\dynamicoptimization\walk05\walk\data.c(346): warning C4244: '=' : conversion from 'double' to 'float', possible loss of data
     1>c:\dynamicoptimization\walk05\walk\data.c(347): warning C4244: '=' : conversion from 'double' to 'float', possible loss of data
     1>c:\dynamicoptimization\walk05\walk\data.c(349): warning C4244: '=' : conversion from 'double' to 'float', possible loss of data
     1>c:\dynamicoptimization\walk05\walk\data.c(350): warning C4244: '=' : conversion from 'double' to 'float', possible loss of data
     1>c:\dynamicoptimization\walk05\walk\data.c(351): warning C4244: '=' : conversion from 'double' to 'float', possible loss of data
     1>c:\dynamicoptimization\walk05\walk\data.c(353): warning C4244: '=' : conversion from 'double' to 'float', possible loss of data
     1>c:\dynamicoptimization\walk05\walk\data.c(354): warning C4244: '=' : conversion from 'double' to 'float', possible loss of data
     1>c:\dynamicoptimization\walk05\walk\data.c(355): warning C4244: '=' : conversion from 'double' to 'float', possible loss of data
     1>c:\dynamicoptimization\walk05\walk\data.c(357): warning C4244: '=' : conversion from 'double' to 'float', possible loss of data
     1>c:\dynamicoptimization\walk05\walk\data.c(358): warning C4244: '=' : conversion from 'double' to 'float', possible loss of data
     1>c:\dynamicoptimization\walk05\walk\data.c(359): warning C4244: '=' : conversion from 'double' to 'float', possible loss of data
     1>c:\dynamicoptimization\walk05\walk\data.c(361): warning C4244: '=' : conversion from 'double' to 'float', possible loss of data
     1>c:\dynamicoptimization\walk05\walk\data.c(362): warning C4244: '=' : conversion from 'double' to 'float', possible loss of data
     1>c:\dynamicoptimization\walk05\walk\data.c(363): warning C4244: '=' : conversion from 'double' to 'float', possible loss of data
     1>c:\dynamicoptimization\walk05\walk\data.c(364): warning C4244: '=' : conversion from 'double' to 'float', possible loss of data
     1>c:\dynamicoptimization\walk05\walk\data.c(365): warning C4244: '=' : conversion from 'double' to 'float', possible loss of data
     1>c:\dynamicoptimization\walk05\walk\data.c(366): warning C4244: '=' : conversion from 'double' to 'float', possible loss of data
     1>c:\dynamicoptimization\walk05\walk\data.c(367): warning C4244: '=' : conversion from 'double' to 'float', possible loss of data
     1>c:\dynamicoptimization\walk05\walk\data.c(368): warning C4244: '=' : conversion from 'double' to 'float', possible loss of data
     1>c:\dynamicoptimization\walk05\walk\data.c(370): warning C4244: '=' : conversion from 'double' to 'float', possible loss of data
     1>c:\dynamicoptimization\walk05\walk\data.c(371): warning C4244: '=' : conversion from 'double' to 'float', possible loss of data
     1>c:\dynamicoptimization\walk05\walk\data.c(373): warning C4244: '=' : conversion from 'double' to 'float', possible loss of data
     1>c:\dynamicoptimization\walk05\walk\data.c(374): warning C4244: '=' : conversion from 'double' to 'float', possible loss of data
     1>c:\dynamicoptimization\walk05\walk\data.c(376): warning C4244: '=' : conversion from 'double' to 'float', possible loss of data
     1>c:\dynamicoptimization\walk05\walk\data.c(377): warning C4244: '=' : conversion from 'double' to 'float', possible loss of data
     1>c:\dynamicoptimization\walk05\walk\data.c(379): warning C4244: '=' : conversion from 'double' to 'float', possible loss of data
     1>c:\dynamicoptimization\walk05\walk\data.c(380): warning C4244: '=' : conversion from 'double' to 'float', possible loss of data
     1>c:\dynamicoptimization\walk05\walk\data.c(382): warning C4244: '=' : conversion from 'int' to 'float', possible loss of data
     1>c:\dynamicoptimization\walk05\walk\data.c(383): warning C4244: '=' : conversion from 'double' to 'float', possible loss of data
     1>c:\dynamicoptimization\walk05\walk\data.c(384): warning C4244: '=' : conversion from 'double' to 'float', possible loss of data
     1>c:\dynamicoptimization\walk05\walk\data.c(386): warning C4244: '=' : conversion from 'double' to 'float', possible loss of data
     1>c:\dynamicoptimization\walk05\walk\data.c(388): warning C4244: '=' : conversion from 'double' to 'float', possible loss of data
     1>c:\dynamicoptimization\walk05\walk\data.c(389): warning C4244: '=' : conversion from 'double' to 'float', possible loss of data
     1>c:\dynamicoptimization\walk05\walk\data.c(391): warning C4244: '=' : conversion from 'double' to 'float', possible loss of data
     1>c:\dynamicoptimization\walk05\walk\data.c(392): warning C4244: '=' : conversion from 'double' to 'float', possible loss of data
     1>c:\dynamicoptimization\walk05\walk\data.c(394): warning C4244: '=' : conversion from 'double' to 'float', possible loss of data
     1>c:\dynamicoptimization\walk05\walk\data.c(395): warning C4244: '=' : conversion from 'double' to 'float', possible loss of data
     1>c:\dynamicoptimization\walk05\walk\data.c(396): warning C4244: '=' : conversion from 'double' to 'float', possible loss of data
     1>c:\dynamicoptimization\walk05\walk\data.c(398): warning C4244: '=' : conversion from 'double' to 'float', possible loss of data
     1>c:\dynamicoptimization\walk05\walk\data.c(399): warning C4244: '=' : conversion from 'double' to 'float', possible loss of data
     1>c:\dynamicoptimization\walk05\walk\data.c(400): warning C4244: '=' : conversion from 'double' to 'float', possible loss of data
     1>c:\dynamicoptimization\walk05\walk\data.c(453): warning C4244: '=' : conversion from 'double' to 'float', possible loss of data
       ManifestResourceCompile:
         All outputs are up-to-date.
       Link:
         c:\Program Files (x86)\Microsoft Visual Studio 10.0\VC\bin\link.exe /ERRORREPORT:PROMPT /OUT:".\simulate.exe" /INCREMENTAL /NOLOGO user32.lib winmm.lib gdi32.lib opengl32.lib glu32.lib kernel32.lib user32.lib gdi32.lib winspool.lib comdlg32.lib advapi32.lib shell32.lib ole32.lib oleaut32.lib uuid.lib odbc32.lib odbccp32.lib /MANIFEST /ManifestFile:"obj/DebugDLL\simulate.exe.intermediate.manifest" /MANIFESTUAC:"level='asInvoker' uiAccess='false'" /DEBUG /PDB:".\simulate.pdb" /SUBSYSTEM:CONSOLE /TLBID:1 /ENTRY:"mainCRTStartup" /DYNAMICBASE:NO /IMPLIB:".\simulate.lib" /MACHINE:X86 obj/DebugDLL\simulate.exe.embed.manifest.res
         obj/DebugDLL\controller.obj
         obj/DebugDLL\data.obj
         obj/DebugDLL\parameters.obj
         obj/DebugDLL\dynamics.obj
         obj/DebugDLL\b1g_dyn.obj
         obj/DebugDLL\b1g_sar.obj
         obj/DebugDLL\b1glib.obj
         obj/DebugDLL\mrdplot.obj
         obj/DebugDLL\trajectory.obj
         obj/DebugDLL\simulate.obj
         LINK : .\simulate.exe not found or not built by the last incremental link; performing full link
       Manifest:
         c:\Program Files (x86)\Microsoft SDKs\Windows\v7.0A\bin\mt.exe /nologo /verbose /out:"obj/DebugDLL\simulate.exe.embed.manifest" /manifest obj/DebugDLL\simulate.exe.intermediate.manifest
         All outputs are up-to-date.
       LinkEmbedManifest:
         All outputs are up-to-date.
         simulate.vcxproj -> C:\DynamicOptimization\walk05\walk\.\simulate.exe
       FinalizeBuildStatus:
         Deleting file "obj/DebugDLL\simulate.unsuccessfulbuild".
         Touching "obj/DebugDLL\simulate.lastbuildstate".
     1>Done Building Project "C:\DynamicOptimization\walk05\walk\simulate.vcxproj" (build target(s)).

Build succeeded.

Time Elapsed 00:00:06.92
